d:\учеба\проектный с++\redice\redice\x64\debug\vc143.pdb
d:\учеба\проектный с++\redice\redice\x64\debug\vc143.idb
d:\учеба\проектный с++\redice\redice\x64\debug\shop.obj
d:\учеба\проектный с++\redice\redice\x64\debug\redice.obj
d:\учеба\проектный с++\redice\redice\x64\debug\playercontroller.obj
d:\учеба\проектный с++\redice\redice\x64\debug\level_5.obj
d:\учеба\проектный с++\redice\redice\x64\debug\level_4.obj
d:\учеба\проектный с++\redice\redice\x64\debug\level_3.obj
d:\учеба\проектный с++\redice\redice\x64\debug\level_2.obj
d:\учеба\проектный с++\redice\redice\x64\debug\level_1.obj
d:\учеба\проектный с++\redice\x64\debug\redice.pdb
d:\учеба\проектный с++\redice\redice\x64\debug\redice.tlog\cl.command.1.tlog
d:\учеба\проектный с++\redice\redice\x64\debug\redice.tlog\cl.read.1.tlog
d:\учеба\проектный с++\redice\redice\x64\debug\redice.tlog\cl.write.1.tlog
d:\учеба\проектный с++\redice\redice\x64\debug\redice.tlog\link-cvtres.read.1.tlog
d:\учеба\проектный с++\redice\redice\x64\debug\redice.tlog\link-cvtres.write.1.tlog
d:\учеба\проектный с++\redice\redice\x64\debug\redice.tlog\link-rc.read.1.tlog
d:\учеба\проектный с++\redice\redice\x64\debug\redice.tlog\link-rc.write.1.tlog
d:\учеба\проектный с++\redice\redice\x64\debug\redice.tlog\link.command.1.tlog
d:\учеба\проектный с++\redice\redice\x64\debug\redice.tlog\link.read.1.tlog
d:\учеба\проектный с++\redice\redice\x64\debug\redice.tlog\link.read.2.tlog
d:\учеба\проектный с++\redice\redice\x64\debug\redice.tlog\link.write.1.tlog
